Arguments: 
  /usr/bin/node /usr/share/yarn/bin/yarn.js add koa-bodypaser

PATH: 
  /usr/local/sbin:/usr/local/bin:/usr/sbin:/usr/bin:/sbin:/bin:/usr/games:/usr/local/games:/mnt/c/Program Files (x86)/Common Files/Oracle/Java/javapath:/mnt/c/Windows/system32:/mnt/c/Windows:/mnt/c/Windows/System32/Wbem:/mnt/c/Windows/System32/WindowsPowerShell/v1.0/:/mnt/c/Windows/System32/OpenSSH/:/mnt/c/Program Files (x86)/NVIDIA Corporation/PhysX/Common:/mnt/c/Program Files/NVIDIA Corporation/NVIDIA NvDLISR:/mnt/d/Software/Nodejs/:/mnt/d/Software/Git/cmd:/mnt/c/ProgramData/chocolatey/bin:/mnt/c/Program Files/dotnet/:/mnt/c/WINDOWS/system32:/mnt/c/WINDOWS:/mnt/c/WINDOWS/System32/Wbem:/mnt/c/WINDOWS/System32/WindowsPowerShell/v1.0/:/mnt/c/WINDOWS/System32/OpenSSH/:/mnt/c/Android:/mnt/d/Python3/Scripts/:/mnt/d/Python3/:/mnt/c/Users/10647/AppData/Local/Microsoft/WindowsApps:/mnt/d/Software/WebStorm 2018.3.1/bin:/mnt/c/Users/10647/AppData/Roaming/npm:/mnt/d/Software/Microsoft VS Code/bin:/mnt/c/Users/10647/AppData/Local/Microsoft/WindowsApps:/mnt/d/Software/CLion 2019.1.3/bin

Yarn version: 
  1.21.1

Node version: 
  8.10.0

Platform: 
  linux x64

Trace: 
  Error: https://registry.yarnpkg.com/koa-bodypaser: Not found
      at Request.params.callback [as _callback] (/usr/share/yarn/lib/cli.js:66947:18)
      at Request.self.callback (/usr/share/yarn/lib/cli.js:140665:22)
      at emitTwo (events.js:126:13)
      at Request.emit (events.js:214:7)
      at Request.<anonymous> (/usr/share/yarn/lib/cli.js:141637:10)
      at emitOne (events.js:116:13)
      at Request.emit (events.js:211:7)
      at IncomingMessage.<anonymous> (/usr/share/yarn/lib/cli.js:141559:12)
      at Object.onceWrapper (events.js:313:30)
      at emitNone (events.js:111:20)

npm manifest: 
  {
    "name": "node_server",
    "version": "1.0.0",
    "main": "index.js",
    "license": "MIT",
    "dependencies": {
      "koa": "^2.11.0",
      "koa-router": "^7.4.0",
      "mssql": "^6.0.1"
    }
  }

yarn manifest: 
  No manifest

Lockfile: 
  # THIS IS AN AUTOGENERATED FILE. DO NOT EDIT THIS FILE DIRECTLY.
  # yarn lockfile v1
  
  
  "@azure/ms-rest-azure-env@^1.1.2":
    version "1.1.2"
    resolved "https://registry.yarnpkg.com/@azure/ms-rest-azure-env/-/ms-rest-azure-env-1.1.2.tgz#8505873afd4a1227ec040894a64fdd736b4a101f"
    integrity sha512-l7z0DPCi2Hp88w12JhDTtx5d0Y3+vhfE7JKJb9O7sEz71Cwp053N8piTtTnnk/tUor9oZHgEKi/p3tQQmLPjvA==
  
  "@azure/ms-rest-js@^1.8.7":
    version "1.8.14"
    resolved "https://registry.yarnpkg.com/@azure/ms-rest-js/-/ms-rest-js-1.8.14.tgz#657fc145db20b6eb3d58d1a2055473aa72eb609d"
    integrity sha512-IrCPN22c8RbKWA06ZXuFwwEb15cSnr0zZ6J8Fspp9ns1SSNTERf7hv+gWvTIis1FlwHy42Mfk8hVu0/r3a0AWA==
    dependencies:
      "@types/tunnel" "0.0.0"
      axios "^0.19.0"
      form-data "^2.3.2"
      tough-cookie "^2.4.3"
      tslib "^1.9.2"
      tunnel "0.0.6"
      uuid "^3.2.1"
      xml2js "^0.4.19"
  
  "@azure/ms-rest-nodeauth@2.0.2":
    version "2.0.2"
    resolved "https://registry.yarnpkg.com/@azure/ms-rest-nodeauth/-/ms-rest-nodeauth-2.0.2.tgz#037e29540c5625eaec718b8fcc178dd7ad5dfb96"
    integrity sha512-KmNNICOxt3EwViAJI3iu2VH8t8BQg5J2rSAyO4IUYLF9ZwlyYsP419pdvl4NBUhluAP2cgN7dfD2V6E6NOMZlQ==
    dependencies:
      "@azure/ms-rest-azure-env" "^1.1.2"
      "@azure/ms-rest-js" "^1.8.7"
      adal-node "^0.1.28"
  
  "@types/node@*":
    version "13.1.1"
    resolved "https://registry.yarnpkg.com/@types/node/-/node-13.1.1.tgz#6d11a8c2d58405b3db9388ab740106cbfa64c3c9"
    integrity sha512-hx6zWtudh3Arsbl3cXay+JnkvVgCKzCWKv42C9J01N2T2np4h8w5X8u6Tpz5mj38kE3M9FM0Pazx8vKFFMnjLQ==
  
  "@types/node@^12.12.17":
    version "12.12.22"
    resolved "https://registry.yarnpkg.com/@types/node/-/node-12.12.22.tgz#b8d9eae3328b96910a373cf06ac8d3c5abe9c200"
    integrity sha512-r5i93jqbPWGXYXxianGATOxTelkp6ih/U0WVnvaqAvTqM+0U6J3kw6Xk6uq/dWNRkEVw/0SLcO5ORXbVNz4FMQ==
  
  "@types/node@^8.0.47":
    version "8.10.59"
    resolved "https://registry.yarnpkg.com/@types/node/-/node-8.10.59.tgz#9e34261f30183f9777017a13d185dfac6b899e04"
    integrity sha512-8RkBivJrDCyPpBXhVZcjh7cQxVBSmRk9QM7hOketZzp6Tg79c0N8kkpAIito9bnJ3HCVCHVYz+KHTEbfQNfeVQ==
  
  "@types/readable-stream@^2.3.5":
    version "2.3.5"
    resolved "https://registry.yarnpkg.com/@types/readable-stream/-/readable-stream-2.3.5.tgz#99c215f9c78563ebdfeff400246a724fb36bae4a"
    integrity sha512-Mq2eLkGYamlcolW603FY2ROBvcl90jPF+3jLkjpBV6qS+2aVeJqlgRG0TVAa1oWbmPdb5yOWlOPVvQle76nUNw==
    dependencies:
      "@types/node" "*"
      safe-buffer "*"
  
  "@types/tunnel@0.0.0":
    version "0.0.0"
    resolved "https://registry.yarnpkg.com/@types/tunnel/-/tunnel-0.0.0.tgz#c2a42943ee63c90652a5557b8c4e56cda77f944e"
    integrity sha512-FGDp0iBRiBdPjOgjJmn1NH0KDLN+Z8fRmo+9J7XGBhubq1DPrGrbmG4UTlGzrpbCpesMqD0sWkzi27EYkOMHyg==
    dependencies:
      "@types/node" "*"
  
  accepts@^1.3.5:
    version "1.3.7"
    resolved "https://registry.yarnpkg.com/accepts/-/accepts-1.3.7.tgz#531bc726517a3b2b41f850021c6cc15eaab507cd"
    integrity sha512-Il80Qs2WjYlJIBNzNkK6KYqlVMTbZLXgHx2oT0pU/fjRHyEp+PEfEPY0R3WCwAGVOtauxh1hOxNgIf5bv7dQpA==
    dependencies:
      mime-types "~2.1.24"
      negotiator "0.6.2"
  
  adal-node@^0.1.28:
    version "0.1.28"
    resolved "https://registry.yarnpkg.com/adal-node/-/adal-node-0.1.28.tgz#468c4bb3ebbd96b1270669f4b9cba4e0065ea485"
    integrity sha1-RoxLs+u9lrEnBmn0ucuk4AZepIU=
    dependencies:
      "@types/node" "^8.0.47"
      async ">=0.6.0"
      date-utils "*"
      jws "3.x.x"
      request ">= 2.52.0"
      underscore ">= 1.3.1"
      uuid "^3.1.0"
      xmldom ">= 0.1.x"
      xpath.js "~1.1.0"
  
  ajv@^6.5.5:
    version "6.10.2"
    resolved "https://registry.yarnpkg.com/ajv/-/ajv-6.10.2.tgz#d3cea04d6b017b2894ad69040fec8b623eb4bd52"
    integrity sha512-TXtUUEYHuaTEbLZWIKUr5pmBuhDLy+8KYtPYdcV8qC+pOZL+NKqYwvWSRrVXHn+ZmRRAu8vJTAznH7Oag6RVRw==
    dependencies:
      fast-deep-equal "^2.0.1"
      fast-json-stable-stringify "^2.0.0"
      json-schema-traverse "^0.4.1"
      uri-js "^4.2.2"
  
  any-promise@^1.1.0:
    version "1.3.0"
    resolved "https://registry.yarnpkg.com/any-promise/-/any-promise-1.3.0.tgz#abc6afeedcea52e809cdc0376aed3ce39635d17f"
    integrity sha1-q8av7tzqUugJzcA3au0845Y10X8=
  
  asn1@~0.2.3:
    version "0.2.4"
    resolved "https://registry.yarnpkg.com/asn1/-/asn1-0.2.4.tgz#8d2475dfab553bb33e77b54e59e880bb8ce23136"
    integrity sha512-jxwzQpLQjSmWXgwaCZE9Nz+glAG01yF1QnWgbhGwHI5A6FRIEY6IVqtHhIepHqI7/kyEyQEagBC5mBEFlIYvdg==
    dependencies:
      safer-buffer "~2.1.0"
  
  assert-plus@1.0.0, assert-plus@^1.0.0:
    version "1.0.0"
    resolved "https://registry.yarnpkg.com/assert-plus/-/assert-plus-1.0.0.tgz#f12e0f3c5d77b0b1cdd9146942e4e96c1e4dd525"
    integrity sha1-8S4PPF13sLHN2RRpQuTpbB5N1SU=
  
  async@>=0.6.0:
    version "3.1.0"
    resolved "https://registry.yarnpkg.com/async/-/async-3.1.0.tgz#42b3b12ae1b74927b5217d8c0016baaf62463772"
    integrity sha512-4vx/aaY6j/j3Lw3fbCHNWP0pPaTCew3F6F3hYyl/tHs/ndmV1q7NW9T5yuJ2XAGwdQrP+6Wu20x06U4APo/iQQ==
  
  asynckit@^0.4.0:
    version "0.4.0"
    resolved "https://registry.yarnpkg.com/asynckit/-/asynckit-0.4.0.tgz#c79ed97f7f34cb8f2ba1bc9790bcc366474b4b79"
    integrity sha1-x57Zf380y48robyXkLzDZkdLS3k=
  
  aws-sign2@~0.7.0:
    version "0.7.0"
    resolved "https://registry.yarnpkg.com/aws-sign2/-/aws-sign2-0.7.0.tgz#b46e890934a9591f2d2f6f86d7e6a9f1b3fe76a8"
    integrity sha1-tG6JCTSpWR8tL2+G1+ap8bP+dqg=
  
  aws4@^1.8.0:
    version "1.9.0"
    resolved "https://registry.yarnpkg.com/aws4/-/aws4-1.9.0.tgz#24390e6ad61386b0a747265754d2a17219de862c"
    integrity sha512-Uvq6hVe90D0B2WEnUqtdgY1bATGz3mw33nH9Y+dmA+w5DHvUmBgkr5rM/KCHpCsiFNRUfokW/szpPPgMK2hm4A==
  
  axios@^0.19.0:
    version "0.19.0"
    resolved "https://registry.yarnpkg.com/axios/-/axios-0.19.0.tgz#8e09bff3d9122e133f7b8101c8fbdd00ed3d2ab8"
    integrity sha512-1uvKqKQta3KBxIz14F2v06AEHZ/dIoeKfbTRkK1E5oqjDnuEerLmYTgJB5AiQZHJcljpg1TuRzdjDR06qNk0DQ==
    dependencies:
      follow-redirects "1.5.10"
      is-buffer "^2.0.2"
  
  bcrypt-pbkdf@^1.0.0:
    version "1.0.2"
    resolved "https://registry.yarnpkg.com/bcrypt-pbkdf/-/bcrypt-pbkdf-1.0.2.tgz#a4301d389b6a43f9b67ff3ca11a3f6637e360e9e"
    integrity sha1-pDAdOJtqQ/m2f/PKEaP2Y342Dp4=
    dependencies:
      tweetnacl "^0.14.3"
  
  bl@^3.0.0:
    version "3.0.0"
    resolved "https://registry.yarnpkg.com/bl/-/bl-3.0.0.tgz#3611ec00579fd18561754360b21e9f784500ff88"
    integrity sha512-EUAyP5UHU5hxF8BPT0LKW8gjYLhq1DQIcneOX/pL/m2Alo+OYDQAJlHq+yseMP50Os2nHXOSic6Ss3vSQeyf4A==
    dependencies:
      readable-stream "^3.0.1"
  
  buffer-equal-constant-time@1.0.1:
    version "1.0.1"
    resolved "https://registry.yarnpkg.com/buffer-equal-constant-time/-/buffer-equal-constant-time-1.0.1.tgz#f8e71132f7ffe6e01a5c9697a4c6f3e48d5cc819"
    integrity sha1-+OcRMvf/5uAaXJaXpMbz5I1cyBk=
  
  cache-content-type@^1.0.0:
    version "1.0.1"
    resolved "https://registry.yarnpkg.com/cache-content-type/-/cache-content-type-1.0.1.tgz#035cde2b08ee2129f4a8315ea8f00a00dba1453c"
    integrity sha512-IKufZ1o4Ut42YUrZSo8+qnMTrFuKkvyoLXUywKz9GJ5BrhOFGhLdkx9sG4KAnVvbY6kEcSFjLQul+DVmBm2bgA==
    dependencies:
      mime-types "^2.1.18"
      ylru "^1.2.0"
  
  caseless@~0.12.0:
    version "0.12.0"
    resolved "https://registry.yarnpkg.com/caseless/-/caseless-0.12.0.tgz#1b681c21ff84033c826543090689420d187151dc"
    integrity sha1-G2gcIf+EAzyCZUMJBolCDRhxUdw=
  
  co@^4.6.0:
    version "4.6.0"
    resolved "https://registry.yarnpkg.com/co/-/co-4.6.0.tgz#6ea6bdf3d853ae54ccb8e47bfa0bf3f9031fb184"
    integrity sha1-bqa989hTrlTMuOR7+gvz+QMfsYQ=
  
  combined-stream@^1.0.6, combined-stream@~1.0.6:
    version "1.0.8"
    resolved "https://registry.yarnpkg.com/combined-stream/-/combined-stream-1.0.8.tgz#c3d45a8b34fd730631a110a8a2520682b31d5a7f"
    integrity sha512-FQN4MRfuJeHf7cBbBMJFXhKSDq+2kAArBlmRBvcvFE5BB1HZKXtSFASDhdlz9zOYwxh8lDdnvmMOe/+5cdoEdg==
    dependencies:
      delayed-stream "~1.0.0"
  
  content-disposition@~0.5.2:
    version "0.5.3"
    resolved "https://registry.yarnpkg.com/content-disposition/-/content-disposition-0.5.3.tgz#e130caf7e7279087c5616c2007d0485698984fbd"
    integrity sha512-ExO0774ikEObIAEV9kDo50o+79VCUdEB6n6lzKgGwupcVeRlhrj3qGAfwq8G6uBJjkqLrhT0qEYFcWng8z1z0g==
    dependencies:
      safe-buffer "5.1.2"
  
  content-type@^1.0.4:
    version "1.0.4"
    resolved "https://registry.yarnpkg.com/content-type/-/content-type-1.0.4.tgz#e138cc75e040c727b1966fe5e5f8c9aee256fe3b"
    integrity sha512-hIP3EEPs8tB9AT1L+NUqtwOAps4mk2Zob89MWXMHjHWg9milF/j4osnnQLXBCBFBk/tvIG/tUc9mOUJiPBhPXA==
  
  cookies@~0.8.0:
    version "0.8.0"
    resolved "https://registry.yarnpkg.com/cookies/-/cookies-0.8.0.tgz#1293ce4b391740a8406e3c9870e828c4b54f3f90"
    integrity sha512-8aPsApQfebXnuI+537McwYsDtjVxGm8gTIzQI3FDW6t5t/DAhERxtnbEPN/8RX+uZthoz4eCOgloXaE5cYyNow==
    dependencies:
      depd "~2.0.0"
      keygrip "~1.1.0"
  
  core-util-is@1.0.2:
    version "1.0.2"
    resolved "https://registry.yarnpkg.com/core-util-is/-/core-util-is-1.0.2.tgz#b5fd54220aa2bc5ab57aab7140c940754503c1a7"
    integrity sha1-tf1UIgqivFq1eqtxQMlAdUUDwac=
  
  dashdash@^1.12.0:
    version "1.14.1"
    resolved "https://registry.yarnpkg.com/dashdash/-/dashdash-1.14.1.tgz#853cfa0f7cbe2fed5de20326b8dd581035f6e2f0"
    integrity sha1-hTz6D3y+L+1d4gMmuN1YEDX24vA=
    dependencies:
      assert-plus "^1.0.0"
  
  date-utils@*:
    version "1.2.21"
    resolved "https://registry.yarnpkg.com/date-utils/-/date-utils-1.2.21.tgz#61fb16cdc1274b3c9acaaffe9fc69df8720a2b64"
    integrity sha1-YfsWzcEnSzyayq/+n8ad+HIKK2Q=
  
  debug@=3.1.0, debug@~3.1.0:
    version "3.1.0"
    resolved "https://registry.yarnpkg.com/debug/-/debug-3.1.0.tgz#5bb5a0672628b64149566ba16819e61518c67261"
    integrity sha512-OX8XqP7/1a9cqkxYw2yXss15f26NKWBpDXQd0/uK/KPqdQhxbPa994hnzjcE2VqQpDslf55723cKPUOGSmMY3g==
    dependencies:
      ms "2.0.0"
  
  debug@^3.1.0:
    version "3.2.6"
    resolved "https://registry.yarnpkg.com/debug/-/debug-3.2.6.tgz#e83d17de16d8a7efb7717edbe5fb10135eee629b"
    integrity sha512-mel+jf7nrtEl5Pn1Qx46zARXKDpBbvzezse7p7LqINmdoIk8PYP5SySaxEmYv6TZ0JyEKA1hsCId6DIhgITtWQ==
    dependencies:
      ms "^2.1.1"
  
  debug@^4:
    version "4.1.1"
    resolved "https://registry.yarnpkg.com/debug/-/debug-4.1.1.tgz#3b72260255109c6b589cee050f1d516139664791"
    integrity sha512-pYAIzeRo8J6KPEaJ0VWOh5Pzkbw/RetuzehGM7QRRX5he4fPHx2rdKMB256ehJCkX+XRQm16eZLqLNS8RSZXZw==
    dependencies:
      ms "^2.1.1"
  
  deep-equal@~1.0.1:
    version "1.0.1"
    resolved "https://registry.yarnpkg.com/deep-equal/-/deep-equal-1.0.1.tgz#f5d260292b660e084eff4cdbc9f08ad3247448b5"
    integrity sha1-9dJgKStmDghO/0zbyfCK0yR0SLU=
  
  delayed-stream@~1.0.0:
    version "1.0.0"
    resolved "https://registry.yarnpkg.com/delayed-stream/-/delayed-stream-1.0.0.tgz#df3ae199acadfb7d440aaae0b29e2272b24ec619"
    integrity sha1-3zrhmayt+31ECqrgsp4icrJOxhk=
  
  delegates@^1.0.0:
    version "1.0.0"
    resolved "https://registry.yarnpkg.com/delegates/-/delegates-1.0.0.tgz#84c6e159b81904fdca59a0ef44cd870d31250f9a"
    integrity sha1-hMbhWbgZBP3KWaDvRM2HDTElD5o=
  
  depd@^1.1.2, depd@~1.1.2:
    version "1.1.2"
    resolved "https://registry.yarnpkg.com/depd/-/depd-1.1.2.tgz#9bcd52e14c097763e749b274c4346ed2e560b5a9"
    integrity sha1-m81S4UwJd2PnSbJ0xDRu0uVgtak=
  
  depd@^2.0.0, depd@~2.0.0:
    version "2.0.0"
    resolved "https://registry.yarnpkg.com/depd/-/depd-2.0.0.tgz#b696163cc757560d09cf22cc8fad1571b79e76df"
    integrity sha512-g7nH6P6dyDioJogAAGprGpCtVImJhpPk/roCzdb3fIh61/s/nPsfR6onyMwkCAR/OlC3yBC0lESvUoQEAssIrw==
  
  destroy@^1.0.4:
    version "1.0.4"
    resolved "https://registry.yarnpkg.com/destroy/-/destroy-1.0.4.tgz#978857442c44749e4206613e37946205826abd80"
    integrity sha1-l4hXRCxEdJ5CBmE+N5RiBYJqvYA=
  
  ecc-jsbn@~0.1.1:
    version "0.1.2"
    resolved "https://registry.yarnpkg.com/ecc-jsbn/-/ecc-jsbn-0.1.2.tgz#3a83a904e54353287874c564b7549386849a98c9"
    integrity sha1-OoOpBOVDUyh4dMVkt1SThoSamMk=
    dependencies:
      jsbn "~0.1.0"
      safer-buffer "^2.1.0"
  
  ecdsa-sig-formatter@1.0.11:
    version "1.0.11"
    resolved "https://registry.yarnpkg.com/ecdsa-sig-formatter/-/ecdsa-sig-formatter-1.0.11.tgz#ae0f0fa2d85045ef14a817daa3ce9acd0489e5bf"
    integrity sha512-nagl3RYrbNv6kQkeJIpt6NJZy8twLB/2vtz6yN9Z4vRKHN4/QZJIEbqohALSgwKdnksuY3k5Addp5lg8sVoVcQ==
    dependencies:
      safe-buffer "^5.0.1"
  
  ee-first@1.1.1:
    version "1.1.1"
    resolved "https://registry.yarnpkg.com/ee-first/-/ee-first-1.1.1.tgz#590c61156b0ae2f4f0255732a158b266bc56b21d"
    integrity sha1-WQxhFWsK4vTwJVcyoViyZrxWsh0=
  
  encodeurl@^1.0.2:
    version "1.0.2"
    resolved "https://registry.yarnpkg.com/encodeurl/-/encodeurl-1.0.2.tgz#ad3ff4c86ec2d029322f5a02c3a9a606c95b3f59"
    integrity sha1-rT/0yG7C0CkyL1oCw6mmBslbP1k=
  
  error-inject@^1.0.0:
    version "1.0.0"
    resolved "https://registry.yarnpkg.com/error-inject/-/error-inject-1.0.0.tgz#e2b3d91b54aed672f309d950d154850fa11d4f37"
    integrity sha1-4rPZG1Su1nLzCdlQ0VSFD6EdTzc=
  
  escape-html@^1.0.3:
    version "1.0.3"
    resolved "https://registry.yarnpkg.com/escape-html/-/escape-html-1.0.3.tgz#0258eae4d3d0c0974de1c169188ef0051d1d1988"
    integrity sha1-Aljq5NPQwJdN4cFpGI7wBR0dGYg=
  
  extend@~3.0.2:
    version "3.0.2"
    resolved "https://registry.yarnpkg.com/extend/-/extend-3.0.2.tgz#f8b1136b4071fbd8eb140aff858b1019ec2915fa"
    integrity sha512-fjquC59cD7CyW6urNXK0FBufkZcoiGG80wTuPujX590cB5Ttln20E2UB4S/WARVqhXffZl2LNgS+gQdPIIim/g==
  
  extsprintf@1.3.0:
    version "1.3.0"
    resolved "https://registry.yarnpkg.com/extsprintf/-/extsprintf-1.3.0.tgz#96918440e3041a7a414f8c52e3c574eb3c3e1e05"
    integrity sha1-lpGEQOMEGnpBT4xS48V06zw+HgU=
  
  extsprintf@^1.2.0:
    version "1.4.0"
    resolved "https://registry.yarnpkg.com/extsprintf/-/extsprintf-1.4.0.tgz#e2689f8f356fad62cca65a3a91c5df5f9551692f"
    integrity sha1-4mifjzVvrWLMplo6kcXfX5VRaS8=
  
  fast-deep-equal@^2.0.1:
    version "2.0.1"
    resolved "https://registry.yarnpkg.com/fast-deep-equal/-/fast-deep-equal-2.0.1.tgz#7b05218ddf9667bf7f370bf7fdb2cb15fdd0aa49"
    integrity sha1-ewUhjd+WZ79/Nwv3/bLLFf3Qqkk=
  
  fast-json-stable-stringify@^2.0.0:
    version "2.1.0"
    resolved "https://registry.yarnpkg.com/fast-json-stable-stringify/-/fast-json-stable-stringify-2.1.0.tgz#874bf69c6f404c2b5d99c481341399fd55892633"
    integrity sha512-lhd/wF+Lk98HZoTCtlVraHtfh5XYijIjalXck7saUtuanSDyLMxnHhSXEDJqHxD7msR8D0uCmqlkwjCV8xvwHw==
  
  follow-redirects@1.5.10:
    version "1.5.10"
    resolved "https://registry.yarnpkg.com/follow-redirects/-/follow-redirects-1.5.10.tgz#7b7a9f9aea2fdff36786a94ff643ed07f4ff5e2a"
    integrity sha512-0V5l4Cizzvqt5D44aTXbFZz+FtyXV1vrDN6qrelxtfYQKW0KO0W2T/hkE8xvGa/540LkZlkaUjO4ailYTFtHVQ==
    dependencies:
      debug "=3.1.0"
  
  forever-agent@~0.6.1:
    version "0.6.1"
    resolved "https://registry.yarnpkg.com/forever-agent/-/forever-agent-0.6.1.tgz#fbc71f0c41adeb37f96c577ad1ed42d8fdacca91"
    integrity sha1-+8cfDEGt6zf5bFd60e1C2P2sypE=
  
  form-data@^2.3.2:
    version "2.5.1"
    resolved "https://registry.yarnpkg.com/form-data/-/form-data-2.5.1.tgz#f2cbec57b5e59e23716e128fe44d4e5dd23895f4"
    integrity sha512-m21N3WOmEEURgk6B9GLOE4RuWOFf28Lhh9qGYeNlGq4VDXUlJy2th2slBNU8Gp8EzloYZOibZJ7t5ecIrFSjVA==
    dependencies:
      asynckit "^0.4.0"
      combined-stream "^1.0.6"
      mime-types "^2.1.12"
  
  form-data@~2.3.2:
    version "2.3.3"
    resolved "https://registry.yarnpkg.com/form-data/-/form-data-2.3.3.tgz#dcce52c05f644f298c6a7ab936bd724ceffbf3a6"
    integrity sha512-1lLKB2Mu3aGP1Q/2eCOx0fNbRMe7XdwktwOruhfqqd0rIJWwN4Dh+E3hrPSlDCXnSR7UtZ1N38rVXm+6+MEhJQ==
    dependencies:
      asynckit "^0.4.0"
      combined-stream "^1.0.6"
      mime-types "^2.1.12"
  
  fresh@~0.5.2:
    version "0.5.2"
    resolved "https://registry.yarnpkg.com/fresh/-/fresh-0.5.2.tgz#3d8cadd90d976569fa835ab1f8e4b23a105605a7"
    integrity sha1-PYyt2Q2XZWn6g1qx+OSyOhBWBac=
  
  getpass@^0.1.1:
    version "0.1.7"
    resolved "https://registry.yarnpkg.com/getpass/-/getpass-0.1.7.tgz#5eff8e3e684d569ae4cb2b1282604e8ba62149fa"
    integrity sha1-Xv+OPmhNVprkyysSgmBOi6YhSfo=
    dependencies:
      assert-plus "^1.0.0"
  
  har-schema@^2.0.0:
    version "2.0.0"
    resolved "https://registry.yarnpkg.com/har-schema/-/har-schema-2.0.0.tgz#a94c2224ebcac04782a0d9035521f24735b7ec92"
    integrity sha1-qUwiJOvKwEeCoNkDVSHyRzW37JI=
  
  har-validator@~5.1.0:
    version "5.1.3"
    resolved "https://registry.yarnpkg.com/har-validator/-/har-validator-5.1.3.tgz#1ef89ebd3e4996557675eed9893110dc350fa080"
    integrity sha512-sNvOCzEQNr/qrvJgc3UG/kD4QtlHycrzwS+6mfTrrSq97BvaYcPZZI1ZSqGSPR73Cxn4LKTD4PttRwfU7jWq5g==
    dependencies:
      ajv "^6.5.5"
      har-schema "^2.0.0"
  
  http-assert@^1.3.0:
    version "1.4.1"
    resolved "https://registry.yarnpkg.com/http-assert/-/http-assert-1.4.1.tgz#c5f725d677aa7e873ef736199b89686cceb37878"
    integrity sha512-rdw7q6GTlibqVVbXr0CKelfV5iY8G2HqEUkhSk297BMbSpSL8crXC+9rjKoMcZZEsksX30le6f/4ul4E28gegw==
    dependencies:
      deep-equal "~1.0.1"
      http-errors "~1.7.2"
  
  http-errors@^1.3.1, http-errors@^1.6.3, http-errors@~1.7.2:
    version "1.7.3"
    resolved "https://registry.yarnpkg.com/http-errors/-/http-errors-1.7.3.tgz#6c619e4f9c60308c38519498c14fbb10aacebb06"
    integrity sha512-ZTTX0MWrsQ2ZAhA1cejAwDLycFsd7I7nVtnkT3Ol0aqodaKW+0CTZDQ1uBv5whptCnc8e8HeRRJxRs0kmm/Qfw==
    dependencies:
      depd "~1.1.2"
      inherits "2.0.4"
      setprototypeof "1.1.1"
      statuses ">= 1.5.0 < 2"
      toidentifier "1.0.0"
  
  http-signature@~1.2.0:
    version "1.2.0"
    resolved "https://registry.yarnpkg.com/http-signature/-/http-signature-1.2.0.tgz#9aecd925114772f3d95b65a60abb8f7c18fbace1"
    integrity sha1-muzZJRFHcvPZW2WmCruPfBj7rOE=
    dependencies:
      assert-plus "^1.0.0"
      jsprim "^1.2.2"
      sshpk "^1.7.0"
  
  iconv-lite@^0.5.0:
    version "0.5.0"
    resolved "https://registry.yarnpkg.com/iconv-lite/-/iconv-lite-0.5.0.tgz#59cdde0a2a297cc2aeb0c6445a195ee89f127550"
    integrity sha512-NnEhI9hIEKHOzJ4f697DMz9IQEXr/MMJ5w64vN2/4Ai+wRnvV7SBrL0KLoRlwaKVghOc7LQ5YkPLuX146b6Ydw==
    dependencies:
      safer-buffer ">= 2.1.2 < 3"
  
  inherits@2.0.4, inherits@^2.0.3:
    version "2.0.4"
    resolved "https://registry.yarnpkg.com/inherits/-/inherits-2.0.4.tgz#0fa2c64f932917c3433a0ded55363aae37416b7c"
    integrity sha512-k/vGaX4/Yla3WzyMCvTQOXYeIHvqOKtnqBduzTHpzpQZzAskKMhZ2K+EnBiSM9zGSoIFeMpXKxa4dYeZIQqewQ==
  
  is-buffer@^2.0.2:
    version "2.0.4"
    resolved "https://registry.yarnpkg.com/is-buffer/-/is-buffer-2.0.4.tgz#3e572f23c8411a5cfd9557c849e3665e0b290623"
    integrity sha512-Kq1rokWXOPXWuaMAqZiJW4XxsmD9zGx9q4aePabbn3qCRGedtH7Cm+zV8WETitMfu1wdh+Rvd6w5egwSngUX2A==
  
  is-generator-function@^1.0.7:
    version "1.0.7"
    resolved "https://registry.yarnpkg.com/is-generator-function/-/is-generator-function-1.0.7.tgz#d2132e529bb0000a7f80794d4bdf5cd5e5813522"
    integrity sha512-YZc5EwyO4f2kWCax7oegfuSr9mFz1ZvieNYBEjmukLxgXfBUbxAWGVF7GZf0zidYtoBl3WvC07YK0wT76a+Rtw==
  
  is-typedarray@~1.0.0:
    version "1.0.0"
    resolved "https://registry.yarnpkg.com/is-typedarray/-/is-typedarray-1.0.0.tgz#e479c80858df0c1b11ddda6940f96011fcda4a9a"
    integrity sha1-5HnICFjfDBsR3dppQPlgEfzaSpo=
  
  isarray@0.0.1:
    version "0.0.1"
    resolved "https://registry.yarnpkg.com/isarray/-/isarray-0.0.1.tgz#8a18acfca9a8f4177e09abfc6038939b05d1eedf"
    integrity sha1-ihis/Kmo9Bd+Cav8YDiTmwXR7t8=
  
  isstream@~0.1.2:
    version "0.1.2"
    resolved "https://registry.yarnpkg.com/isstream/-/isstream-0.1.2.tgz#47e63f7af55afa6f92e1500e690eb8b8529c099a"
    integrity sha1-R+Y/evVa+m+S4VAOaQ64uFKcCZo=
  
  jsbi@^3.1.1:
    version "3.1.1"
    resolved "https://registry.yarnpkg.com/jsbi/-/jsbi-3.1.1.tgz#8ea18b3e08d102c6cc09acaa9a099921d775f4fa"
    integrity sha512-+HQESPaV0mRiH614z4JPVPAftcRC2p53x92lySPzUzFwJbJTMpzHz8OYUkcXPN3fOcHUe0NdVcHnCtX/1+eCrA==
  
  jsbn@~0.1.0:
    version "0.1.1"
    resolved "https://registry.yarnpkg.com/jsbn/-/jsbn-0.1.1.tgz#a5e654c2e5a2deb5f201d96cefbca80c0ef2f513"
    integrity sha1-peZUwuWi3rXyAdls77yoDA7y9RM=
  
  json-schema-traverse@^0.4.1:
    version "0.4.1"
    resolved "https://registry.yarnpkg.com/json-schema-traverse/-/json-schema-traverse-0.4.1.tgz#69f6a87d9513ab8bb8fe63bdb0979c448e684660"
    integrity sha512-xbbCH5dCYU5T8LcEhhuh7HJ88HXuW3qsI3Y0zOZFKfZEHcpWiHU/Jxzk629Brsab/mMiHQti9wMP+845RPe3Vg==
  
  json-schema@0.2.3:
    version "0.2.3"
    resolved "https://registry.yarnpkg.com/json-schema/-/json-schema-0.2.3.tgz#b480c892e59a2f05954ce727bd3f2a4e882f9e13"
    integrity sha1-tIDIkuWaLwWVTOcnvT8qTogvnhM=
  
  json-stringify-safe@~5.0.1:
    version "5.0.1"
    resolved "https://registry.yarnpkg.com/json-stringify-safe/-/json-stringify-safe-5.0.1.tgz#1296a2d58fd45f19a0f6ce01d65701e2c735b6eb"
    integrity sha1-Epai1Y/UXxmg9s4B1lcB4sc1tus=
  
  jsprim@^1.2.2:
    version "1.4.1"
    resolved "https://registry.yarnpkg.com/jsprim/-/jsprim-1.4.1.tgz#313e66bc1e5cc06e438bc1b7499c2e5c56acb6a2"
    integrity sha1-MT5mvB5cwG5Di8G3SZwuXFastqI=
    dependencies:
      assert-plus "1.0.0"
      extsprintf "1.3.0"
      json-schema "0.2.3"
      verror "1.10.0"
  
  jwa@^1.4.1:
    version "1.4.1"
    resolved "https://registry.yarnpkg.com/jwa/-/jwa-1.4.1.tgz#743c32985cb9e98655530d53641b66c8645b039a"
    integrity sha512-qiLX/xhEEFKUAJ6FiBMbes3w9ATzyk5W7Hvzpa/SLYdxNtng+gcurvrI7TbACjIXlsJyr05/S1oUhZrc63evQA==
    dependencies:
      buffer-equal-constant-time "1.0.1"
      ecdsa-sig-formatter "1.0.11"
      safe-buffer "^5.0.1"
  
  jws@3.x.x:
    version "3.2.2"
    resolved "https://registry.yarnpkg.com/jws/-/jws-3.2.2.tgz#001099f3639468c9414000e99995fa52fb478304"
    integrity sha512-YHlZCB6lMTllWDtSPHz/ZXTsi8S00usEV6v1tjq8tOUZzw7DpSDWVXjXDre6ed1w/pd495ODpHZYSdkRTsa0HA==
    dependencies:
      jwa "^1.4.1"
      safe-buffer "^5.0.1"
  
  keygrip@~1.1.0:
    version "1.1.0"
    resolved "https://registry.yarnpkg.com/keygrip/-/keygrip-1.1.0.tgz#871b1681d5e159c62a445b0c74b615e0917e7226"
    integrity sha512-iYSchDJ+liQ8iwbSI2QqsQOvqv58eJCEanyJPJi+Khyu8smkcKSFUCbPwzFcL7YVtZ6eONjqRX/38caJ7QjRAQ==
    dependencies:
      tsscmp "1.0.6"
  
  koa-compose@^3.0.0:
    version "3.2.1"
    resolved "https://registry.yarnpkg.com/koa-compose/-/koa-compose-3.2.1.tgz#a85ccb40b7d986d8e5a345b3a1ace8eabcf54de7"
    integrity sha1-qFzLQLfZhtjlo0Wzoazo6rz1Tec=
    dependencies:
      any-promise "^1.1.0"
  
  koa-compose@^4.1.0:
    version "4.1.0"
    resolved "https://registry.yarnpkg.com/koa-compose/-/koa-compose-4.1.0.tgz#507306b9371901db41121c812e923d0d67d3e877"
    integrity sha512-8ODW8TrDuMYvXRwra/Kh7/rJo9BtOfPc6qO8eAfC80CnCvSjSl0bkRM24X6/XBBEyj0v1nRUQ1LyOy3dbqOWXw==
  
  koa-convert@^1.2.0:
    version "1.2.0"
    resolved "https://registry.yarnpkg.com/koa-convert/-/koa-convert-1.2.0.tgz#da40875df49de0539098d1700b50820cebcd21d0"
    integrity sha1-2kCHXfSd4FOQmNFwC1CCDOvNIdA=
    dependencies:
      co "^4.6.0"
      koa-compose "^3.0.0"
  
  koa-router@^7.4.0:
    version "7.4.0"
    resolved "https://registry.yarnpkg.com/koa-router/-/koa-router-7.4.0.tgz#aee1f7adc02d5cb31d7d67465c9eacc825e8c5e0"
    integrity sha512-IWhaDXeAnfDBEpWS6hkGdZ1ablgr6Q6pGdXCyK38RbzuH4LkUOpPqPw+3f8l8aTDrQmBQ7xJc0bs2yV4dzcO+g==
    dependencies:
      debug "^3.1.0"
      http-errors "^1.3.1"
      koa-compose "^3.0.0"
      methods "^1.0.1"
      path-to-regexp "^1.1.1"
      urijs "^1.19.0"
  
  koa@^2.11.0:
    version "2.11.0"
    resolved "https://registry.yarnpkg.com/koa/-/koa-2.11.0.tgz#fe5a51c46f566d27632dd5dc8fd5d7dd44f935a4"
    integrity sha512-EpR9dElBTDlaDgyhDMiLkXrPwp6ZqgAIBvhhmxQ9XN4TFgW+gEz6tkcsNI6BnUbUftrKDjVFj4lW2/J2aNBMMA==
    dependencies:
      accepts "^1.3.5"
      cache-content-type "^1.0.0"
      content-disposition "~0.5.2"
      content-type "^1.0.4"
      cookies "~0.8.0"
      debug "~3.1.0"
      delegates "^1.0.0"
      depd "^1.1.2"
      destroy "^1.0.4"
      encodeurl "^1.0.2"
      error-inject "^1.0.0"
      escape-html "^1.0.3"
      fresh "~0.5.2"
      http-assert "^1.3.0"
      http-errors "^1.6.3"
      is-generator-function "^1.0.7"
      koa-compose "^4.1.0"
      koa-convert "^1.2.0"
      on-finished "^2.3.0"
      only "~0.0.2"
      parseurl "^1.3.2"
      statuses "^1.5.0"
      type-is "^1.6.16"
      vary "^1.1.2"
  
  media-typer@0.3.0:
    version "0.3.0"
    resolved "https://registry.yarnpkg.com/media-typer/-/media-typer-0.3.0.tgz#8710d7af0aa626f8fffa1ce00168545263255748"
    integrity sha1-hxDXrwqmJvj/+hzgAWhUUmMlV0g=
  
  methods@^1.0.1:
    version "1.1.2"
    resolved "https://registry.yarnpkg.com/methods/-/methods-1.1.2.tgz#5529a4d67654134edcc5266656835b0f851afcee"
    integrity sha1-VSmk1nZUE07cxSZmVoNbD4Ua/O4=
  
  mime-db@1.42.0:
    version "1.42.0"
    resolved "https://registry.yarnpkg.com/mime-db/-/mime-db-1.42.0.tgz#3e252907b4c7adb906597b4b65636272cf9e7bac"
    integrity sha512-UbfJCR4UAVRNgMpfImz05smAXK7+c+ZntjaA26ANtkXLlOe947Aag5zdIcKQULAiF9Cq4WxBi9jUs5zkA84bYQ==
  
  mime-types@^2.1.12, mime-types@^2.1.18, mime-types@~2.1.19, mime-types@~2.1.24:
    version "2.1.25"
    resolved "https://registry.yarnpkg.com/mime-types/-/mime-types-2.1.25.tgz#39772d46621f93e2a80a856c53b86a62156a6437"
    integrity sha512-5KhStqB5xpTAeGqKBAMgwaYMnQik7teQN4IAzC7npDv6kzeU6prfkR67bc87J1kWMPGkoaZSq1npmexMgkmEVg==
    dependencies:
      mime-db "1.42.0"
  
  ms@2.0.0:
    version "2.0.0"
    resolved "https://registry.yarnpkg.com/ms/-/ms-2.0.0.tgz#5608aeadfc00be6c2901df5f9861788de0d597c8"
    integrity sha1-VgiurfwAvmwpAd9fmGF4jeDVl8g=
  
  ms@^2.1.1:
    version "2.1.2"
    resolved "https://registry.yarnpkg.com/ms/-/ms-2.1.2.tgz#d09d1f357b443f493382a8eb3ccd183872ae6009"
    integrity sha512-sGkPx+VjMtmA6MX27oA4FBFELFCZZ4S4XqeGOXCv68tT+jb3vk/RyaKWP0PTKyWtmLSM0b+adUTEvbs1PEaH2w==
  
  mssql@^6.0.1:
    version "6.0.1"
    resolved "https://registry.yarnpkg.com/mssql/-/mssql-6.0.1.tgz#3aab69b7c19dd1b304495f27b748535d0110b477"
    integrity sha512-7oPhbQjotFJBgMPlzLmPwWlnrryxrDltjCNCD9BK7Df7TA9wc6Mb/0Bcx04NJyHCMAhw8C/iWjbJoeDyUfRNUA==
    dependencies:
      debug "^4"
      tarn "^1.1.5"
      tedious "^6.6.2"
  
  native-duplexpair@^1.0.0:
    version "1.0.0"
    resolved "https://registry.yarnpkg.com/native-duplexpair/-/native-duplexpair-1.0.0.tgz#7899078e64bf3c8a3d732601b3d40ff05db58fa0"
    integrity sha1-eJkHjmS/PIo9cyYBs9QP8F21j6A=
  
  negotiator@0.6.2:
    version "0.6.2"
    resolved "https://registry.yarnpkg.com/negotiator/-/negotiator-0.6.2.tgz#feacf7ccf525a77ae9634436a64883ffeca346fb"
    integrity sha512-hZXc7K2e+PgeI1eDBe/10Ard4ekbfrrqG8Ep+8Jmf4JID2bNg7NvCPOZN+kfF574pFQI7mum2AUqDidoKqcTOw==
  
  oauth-sign@~0.9.0:
    version "0.9.0"
    resolved "https://registry.yarnpkg.com/oauth-sign/-/oauth-sign-0.9.0.tgz#47a7b016baa68b5fa0ecf3dee08a85c679ac6455"
    integrity sha512-fexhUFFPTGV8ybAtSIGbV6gOkSv8UtRbDBnAyLQw4QPKkgNlsH2ByPGtMUqdWkos6YCRmAqViwgZrJc/mRDzZQ==
  
  on-finished@^2.3.0:
    version "2.3.0"
    resolved "https://registry.yarnpkg.com/on-finished/-/on-finished-2.3.0.tgz#20f1336481b083cd75337992a16971aa2d906947"
    integrity sha1-IPEzZIGwg811M3mSoWlxqi2QaUc=
    dependencies:
      ee-first "1.1.1"
  
  only@~0.0.2:
    version "0.0.2"
    resolved "https://registry.yarnpkg.com/only/-/only-0.0.2.tgz#2afde84d03e50b9a8edc444e30610a70295edfb4"
    integrity sha1-Kv3oTQPlC5qO3EROMGEKcCle37Q=
  
  parseurl@^1.3.2:
    version "1.3.3"
    resolved "https://registry.yarnpkg.com/parseurl/-/parseurl-1.3.3.tgz#9da19e7bee8d12dff0513ed5b76957793bc2e8d4"
    integrity sha512-CiyeOxFT/JZyN5m0z9PfXw4SCBJ6Sygz1Dpl0wqjlhDEGGBP1GnsUVEL0p63hoG1fcj3fHynXi9NYO4nWOL+qQ==
  
  path-to-regexp@^1.1.1:
    version "1.8.0"
    resolved "https://registry.yarnpkg.com/path-to-regexp/-/path-to-regexp-1.8.0.tgz#887b3ba9d84393e87a0a0b9f4cb756198b53548a"
    integrity sha512-n43JRhlUKUAlibEJhPeir1ncUID16QnEjNpwzNdO3Lm4ywrBpBZ5oLD0I6br9evr1Y9JTqwRtAh7JLoOzAQdVA==
    dependencies:
      isarray "0.0.1"
  
  performance-now@^2.1.0:
    version "2.1.0"
    resolved "https://registry.yarnpkg.com/performance-now/-/performance-now-2.1.0.tgz#6309f4e0e5fa913ec1c69307ae364b4b377c9e7b"
    integrity sha1-Ywn04OX6kT7BxpMHrjZLSzd8nns=
  
  psl@^1.1.24, psl@^1.1.28:
    version "1.7.0"
    resolved "https://registry.yarnpkg.com/psl/-/psl-1.7.0.tgz#f1c4c47a8ef97167dea5d6bbf4816d736e884a3c"
    integrity sha512-5NsSEDv8zY70ScRnOTn7bK7eanl2MvFrOrS/R6x+dBt5g1ghnj9Zv90kO8GwT8gxcu2ANyFprnFYB85IogIJOQ==
  
  punycode@^1.4.1:
    version "1.4.1"
    resolved "https://registry.yarnpkg.com/punycode/-/punycode-1.4.1.tgz#c0d5a63b2718800ad8e1eb0fa5269c84dd41845e"
    integrity sha1-wNWmOycYgArY4esPpSachN1BhF4=
  
  punycode@^2.1.0, punycode@^2.1.1:
    version "2.1.1"
    resolved "https://registry.yarnpkg.com/punycode/-/punycode-2.1.1.tgz#b58b010ac40c22c5657616c8d2c2c02c7bf479ec"
    integrity sha512-XRsRjdf+j5ml+y/6GKHPZbrF/8p2Yga0JPtdqTIY2Xe5ohJPD9saDJJLPvp9+NSBprVvevdXZybnj2cv8OEd0A==
  
  qs@~6.5.2:
    version "6.5.2"
    resolved "https://registry.yarnpkg.com/qs/-/qs-6.5.2.tgz#cb3ae806e8740444584ef154ce8ee98d403f3e36"
    integrity sha512-N5ZAX4/LxJmF+7wN74pUD6qAh9/wnvdQcjq9TZjevvXzSUo7bfmw91saqMjzGS2xq91/odN2dW/WOl7qQHNDGA==
  
  readable-stream@^3.0.1, readable-stream@^3.4.0:
    version "3.4.0"
    resolved "https://registry.yarnpkg.com/readable-stream/-/readable-stream-3.4.0.tgz#a51c26754658e0a3c21dbf59163bd45ba6f447fc"
    integrity sha512-jItXPLmrSR8jmTRmRWJXCnGJsfy85mB3Wd/uINMXA65yrnFo0cPClFIUWzo2najVNSl+mx7/4W8ttlLWJe99pQ==
    dependencies:
      inherits "^2.0.3"
      string_decoder "^1.1.1"
      util-deprecate "^1.0.1"
  
  "request@>= 2.52.0":
    version "2.88.0"
    resolved "https://registry.yarnpkg.com/request/-/request-2.88.0.tgz#9c2fca4f7d35b592efe57c7f0a55e81052124fef"
    integrity sha512-NAqBSrijGLZdM0WZNsInLJpkJokL72XYjUpnB0iwsRgxh7dB6COrHnTBNwN0E+lHDAJzu7kLAkDeY08z2/A0hg==
    dependencies:
      aws-sign2 "~0.7.0"
      aws4 "^1.8.0"
      caseless "~0.12.0"
      combined-stream "~1.0.6"
      extend "~3.0.2"
      forever-agent "~0.6.1"
      form-data "~2.3.2"
      har-validator "~5.1.0"
      http-signature "~1.2.0"
      is-typedarray "~1.0.0"
      isstream "~0.1.2"
      json-stringify-safe "~5.0.1"
      mime-types "~2.1.19"
      oauth-sign "~0.9.0"
      performance-now "^2.1.0"
      qs "~6.5.2"
      safe-buffer "^5.1.2"
      tough-cookie "~2.4.3"
      tunnel-agent "^0.6.0"
      uuid "^3.3.2"
  
  safe-buffer@*, safe-buffer@^5.0.1, safe-buffer@^5.1.2, safe-buffer@~5.2.0:
    version "5.2.0"
    resolved "https://registry.yarnpkg.com/safe-buffer/-/safe-buffer-5.2.0.tgz#b74daec49b1148f88c64b68d49b1e815c1f2f519"
    integrity sha512-fZEwUGbVl7kouZs1jCdMLdt95hdIv0ZeHg6L7qPeciMZhZ+/gdesW4wgTARkrFWEpspjEATAzUGPG8N2jJiwbg==
  
  safe-buffer@5.1.2:
    version "5.1.2"
    resolved "https://registry.yarnpkg.com/safe-buffer/-/safe-buffer-5.1.2.tgz#991ec69d296e0313747d59bdfd2b745c35f8828d"
    integrity sha512-Gd2UZBJDkXlY7GbJxfsE8/nvKkUEU1G38c1siN6QP6a9PT9MmHB8GnpscSmMJSoF8LOIrt8ud/wPtojys4G6+g==
  
  "safer-buffer@>= 2.1.2 < 3", safer-buffer@^2.0.2, safer-buffer@^2.1.0, safer-buffer@~2.1.0:
    version "2.1.2"
    resolved "https://registry.yarnpkg.com/safer-buffer/-/safer-buffer-2.1.2.tgz#44fa161b0187b9549dd84bb91802f9bd8385cd6a"
    integrity sha512-YZo3K82SD7Riyi0E1EQPojLz7kpepnSQI9IyPbHHg1XXXevb5dJI7tpyN2ADxGcQbHG7vcyRHk0cbwqcQriUtg==
  
  sax@>=0.6.0:
    version "1.2.4"
    resolved "https://registry.yarnpkg.com/sax/-/sax-1.2.4.tgz#2816234e2378bddc4e5354fab5caa895df7100d9"
    integrity sha512-NqVDv9TpANUjFm0N8uM5GxL36UgKi9/atZw+x7YFnQ8ckwFGKrl4xX4yWtrey3UJm5nP1kUbnYgLopqWNSRhWw==
  
  setprototypeof@1.1.1:
    version "1.1.1"
    resolved "https://registry.yarnpkg.com/setprototypeof/-/setprototypeof-1.1.1.tgz#7e95acb24aa92f5885e0abef5ba131330d4ae683"
    integrity sha512-JvdAWfbXeIGaZ9cILp38HntZSFSo3mWg6xGcJJsd+d4aRMOqauag1C63dJfDw7OaMYwEbHMOxEZ1lqVRYP2OAw==
  
  sprintf-js@^1.1.2:
    version "1.1.2"
    resolved "https://registry.yarnpkg.com/sprintf-js/-/sprintf-js-1.1.2.tgz#da1765262bf8c0f571749f2ad6c26300207ae673"
    integrity sha512-VE0SOVEHCk7Qc8ulkWw3ntAzXuqf7S2lvwQaDLRnUeIEaKNQJzV6BwmLKhOqT61aGhfUMrXeaBk+oDGCzvhcug==
  
  sshpk@^1.7.0:
    version "1.16.1"
    resolved "https://registry.yarnpkg.com/sshpk/-/sshpk-1.16.1.tgz#fb661c0bef29b39db40769ee39fa70093d6f6877"
    integrity sha512-HXXqVUq7+pcKeLqqZj6mHFUMvXtOJt1uoUx09pFW6011inTMxqI8BA8PM95myrIyyKwdnzjdFjLiE6KBPVtJIg==
    dependencies:
      asn1 "~0.2.3"
      assert-plus "^1.0.0"
      bcrypt-pbkdf "^1.0.0"
      dashdash "^1.12.0"
      ecc-jsbn "~0.1.1"
      getpass "^0.1.1"
      jsbn "~0.1.0"
      safer-buffer "^2.0.2"
      tweetnacl "~0.14.0"
  
  "statuses@>= 1.5.0 < 2", statuses@^1.5.0:
    version "1.5.0"
    resolved "https://registry.yarnpkg.com/statuses/-/statuses-1.5.0.tgz#161c7dac177659fd9811f43771fa99381478628c"
    integrity sha1-Fhx9rBd2Wf2YEfQ3cfqZOBR4Yow=
  
  string_decoder@^1.1.1:
    version "1.3.0"
    resolved "https://registry.yarnpkg.com/string_decoder/-/string_decoder-1.3.0.tgz#42f114594a46cf1a8e30b0a84f56c78c3edac21e"
    integrity sha512-hkRX8U1WjJFd8LsDJ2yQ/wWWxaopEsABU1XfkM8A+j0+85JAGppt16cr1Whg6KIbb4okU6Mql6BOj+uup/wKeA==
    dependencies:
      safe-buffer "~5.2.0"
  
  tarn@^1.1.5:
    version "1.1.5"
    resolved "https://registry.yarnpkg.com/tarn/-/tarn-1.1.5.tgz#7be88622e951738b9fa3fb77477309242cdddc2d"
    integrity sha512-PMtJ3HCLAZeedWjJPgGnCvcphbCOMbtZpjKgLq3qM5Qq9aQud+XHrL0WlrlgnTyS8U+jrjGbEXprFcQrxPy52g==
  
  tedious@^6.6.2:
    version "6.6.5"
    resolved "https://registry.yarnpkg.com/tedious/-/tedious-6.6.5.tgz#0a14b11b78fe1fce0dfdf3d268a6c80ecf3a69e9"
    integrity sha512-kS3xw5KT46QIokXeGJ47d/xc93bPa+bB5rKHpGkCc1iO0JCOlGTm+93RHBgs3DD7FQdIn9HyvzurR2plb7z4NA==
    dependencies:
      "@azure/ms-rest-nodeauth" "2.0.2"
      "@types/node" "^12.12.17"
      "@types/readable-stream" "^2.3.5"
      bl "^3.0.0"
      depd "^2.0.0"
      iconv-lite "^0.5.0"
      jsbi "^3.1.1"
      native-duplexpair "^1.0.0"
      punycode "^2.1.0"
      readable-stream "^3.4.0"
      sprintf-js "^1.1.2"
  
  toidentifier@1.0.0:
    version "1.0.0"
    resolved "https://registry.yarnpkg.com/toidentifier/-/toidentifier-1.0.0.tgz#7e1be3470f1e77948bc43d94a3c8f4d7752ba553"
    integrity sha512-yaOH/Pk/VEhBWWTlhI+qXxDFXlejDGcQipMlyxda9nthulaxLZUNcUqFxokp0vcYnvteJln5FNQDRrxj3YcbVw==
  
  tough-cookie@^2.4.3:
    version "2.5.0"
    resolved "https://registry.yarnpkg.com/tough-cookie/-/tough-cookie-2.5.0.tgz#cd9fb2a0aa1d5a12b473bd9fb96fa3dcff65ade2"
    integrity sha512-nlLsUzgm1kfLXSXfRZMc1KLAugd4hqJHDTvc2hDIwS3mZAfMEuMbc03SujMF+GEcpaX/qboeycw6iO8JwVv2+g==
    dependencies:
      psl "^1.1.28"
      punycode "^2.1.1"
  
  tough-cookie@~2.4.3:
    version "2.4.3"
    resolved "https://registry.yarnpkg.com/tough-cookie/-/tough-cookie-2.4.3.tgz#53f36da3f47783b0925afa06ff9f3b165280f781"
    integrity sha512-Q5srk/4vDM54WJsJio3XNn6K2sCG+CQ8G5Wz6bZhRZoAe/+TxjWB/GlFAnYEbkYVlON9FMk/fE3h2RLpPXo4lQ==
    dependencies:
      psl "^1.1.24"
      punycode "^1.4.1"
  
  tslib@^1.9.2:
    version "1.10.0"
    resolved "https://registry.yarnpkg.com/tslib/-/tslib-1.10.0.tgz#c3c19f95973fb0a62973fb09d90d961ee43e5c8a"
    integrity sha512-qOebF53frne81cf0S9B41ByenJ3/IuH8yJKngAX35CmiZySA0khhkovshKK+jGCaMnVomla7gVlIcc3EvKPbTQ==
  
  tsscmp@1.0.6:
    version "1.0.6"
    resolved "https://registry.yarnpkg.com/tsscmp/-/tsscmp-1.0.6.tgz#85b99583ac3589ec4bfef825b5000aa911d605eb"
    integrity sha512-LxhtAkPDTkVCMQjt2h6eBVY28KCjikZqZfMcC15YBeNjkgUpdCfBu5HoiOTDu86v6smE8yOjyEktJ8hlbANHQA==
  
  tunnel-agent@^0.6.0:
    version "0.6.0"
    resolved "https://registry.yarnpkg.com/tunnel-agent/-/tunnel-agent-0.6.0.tgz#27a5dea06b36b04a0a9966774b290868f0fc40fd"
    integrity sha1-J6XeoGs2sEoKmWZ3SykIaPD8QP0=
    dependencies:
      safe-buffer "^5.0.1"
  
  tunnel@0.0.6:
    version "0.0.6"
    resolved "https://registry.yarnpkg.com/tunnel/-/tunnel-0.0.6.tgz#72f1314b34a5b192db012324df2cc587ca47f92c"
    integrity sha512-1h/Lnq9yajKY2PEbBadPXj3VxsDDu844OnaAo52UVmIzIvwwtBPIuNvkjuzBlTWpfJyUbG3ez0KSBibQkj4ojg==
  
  tweetnacl@^0.14.3, tweetnacl@~0.14.0:
    version "0.14.5"
    resolved "https://registry.yarnpkg.com/tweetnacl/-/tweetnacl-0.14.5.tgz#5ae68177f192d4456269d108afa93ff8743f4f64"
    integrity sha1-WuaBd/GS1EViadEIr6k/+HQ/T2Q=
  
  type-is@^1.6.16:
    version "1.6.18"
    resolved "https://registry.yarnpkg.com/type-is/-/type-is-1.6.18.tgz#4e552cd05df09467dcbc4ef739de89f2cf37c131"
    integrity sha512-TkRKr9sUTxEH8MdfuCSP7VizJyzRNMjj2J2do2Jr3Kym598JVdEksuzPQCnlFPW4ky9Q+iA+ma9BGm06XQBy8g==
    dependencies:
      media-typer "0.3.0"
      mime-types "~2.1.24"
  
  "underscore@>= 1.3.1":
    version "1.9.1"
    resolved "https://registry.yarnpkg.com/underscore/-/underscore-1.9.1.tgz#06dce34a0e68a7babc29b365b8e74b8925203961"
    integrity sha512-5/4etnCkd9c8gwgowi5/om/mYO5ajCaOgdzj/oW+0eQV9WxKBDZw5+ycmKmeaTXjInS/W0BzpGLo2xR2aBwZdg==
  
  uri-js@^4.2.2:
    version "4.2.2"
    resolved "https://registry.yarnpkg.com/uri-js/-/uri-js-4.2.2.tgz#94c540e1ff772956e2299507c010aea6c8838eb0"
    integrity sha512-KY9Frmirql91X2Qgjry0Wd4Y+YTdrdZheS8TFwvkbLWf/G5KNJDCh6pKL5OZctEW4+0Baa5idK2ZQuELRwPznQ==
    dependencies:
      punycode "^2.1.0"
  
  urijs@^1.19.0:
    version "1.19.2"
    resolved "https://registry.yarnpkg.com/urijs/-/urijs-1.19.2.tgz#f9be09f00c4c5134b7cb3cf475c1dd394526265a"
    integrity sha512-s/UIq9ap4JPZ7H1EB5ULo/aOUbWqfDi7FKzMC2Nz+0Si8GiT1rIEaprt8hy3Vy2Ex2aJPpOQv4P4DuOZ+K1c6w==
  
  util-deprecate@^1.0.1:
    version "1.0.2"
    resolved "https://registry.yarnpkg.com/util-deprecate/-/util-deprecate-1.0.2.tgz#450d4dc9fa70de732762fbd2d4a28981419a0ccf"
    integrity sha1-RQ1Nyfpw3nMnYvvS1KKJgUGaDM8=
  
  uuid@^3.1.0, uuid@^3.2.1, uuid@^3.3.2:
    version "3.3.3"
    resolved "https://registry.yarnpkg.com/uuid/-/uuid-3.3.3.tgz#4568f0216e78760ee1dbf3a4d2cf53e224112866"
    integrity sha512-pW0No1RGHgzlpHJO1nsVrHKpOEIxkGg1xB+v0ZmdNH5OAeAwzAVrCnI2/6Mtx+Uys6iaylxa+D3g4j63IKKjSQ==
  
  vary@^1.1.2:
    version "1.1.2"
    resolved "https://registry.yarnpkg.com/vary/-/vary-1.1.2.tgz#2299f02c6ded30d4a5961b0b9f74524a18f634fc"
    integrity sha1-IpnwLG3tMNSllhsLn3RSShj2NPw=
  
  verror@1.10.0:
    version "1.10.0"
    resolved "https://registry.yarnpkg.com/verror/-/verror-1.10.0.tgz#3a105ca17053af55d6e270c1f8288682e18da400"
    integrity sha1-OhBcoXBTr1XW4nDB+CiGguGNpAA=
    dependencies:
      assert-plus "^1.0.0"
      core-util-is "1.0.2"
      extsprintf "^1.2.0"
  
  xml2js@^0.4.19:
    version "0.4.23"
    resolved "https://registry.yarnpkg.com/xml2js/-/xml2js-0.4.23.tgz#a0c69516752421eb2ac758ee4d4ccf58843eac66"
    integrity sha512-ySPiMjM0+pLDftHgXY4By0uswI3SPKLDw/i3UXbnO8M/p28zqexCUoPmQFrYD+/1BzhGJSs2i1ERWKJAtiLrug==
    dependencies:
      sax ">=0.6.0"
      xmlbuilder "~11.0.0"
  
  xmlbuilder@~11.0.0:
    version "11.0.1"
    resolved "https://registry.yarnpkg.com/xmlbuilder/-/xmlbuilder-11.0.1.tgz#be9bae1c8a046e76b31127726347d0ad7002beb3"
    integrity sha512-fDlsI/kFEx7gLvbecc0/ohLG50fugQp8ryHzMTuW9vSa1GJ0XYWKnhsUx7oie3G98+r56aTQIUB4kht42R3JvA==
  
  "xmldom@>= 0.1.x":
    version "0.2.1"
    resolved "https://registry.yarnpkg.com/xmldom/-/xmldom-0.2.1.tgz#cac9465066f161e1c3302793ea4dbe59c518274f"
    integrity sha512-kXXiYvmblIgEemGeB75y97FyaZavx6SQhGppLw5TKWAD2Wd0KAly0g23eVLh17YcpxZpnFym1Qk/eaRjy1APPg==
  
  xpath.js@~1.1.0:
    version "1.1.0"
    resolved "https://registry.yarnpkg.com/xpath.js/-/xpath.js-1.1.0.tgz#3816a44ed4bb352091083d002a383dd5104a5ff1"
    integrity sha512-jg+qkfS4K8E7965sqaUl8mRngXiKb3WZGfONgE18pr03FUQiuSV6G+Ej4tS55B+rIQSFEIw3phdVAQ4pPqNWfQ==
  
  ylru@^1.2.0:
    version "1.2.1"
    resolved "https://registry.yarnpkg.com/ylru/-/ylru-1.2.1.tgz#f576b63341547989c1de7ba288760923b27fe84f"
    integrity sha512-faQrqNMzcPCHGVC2aaOINk13K+aaBDUPjGWl0teOXywElLjyVAB6Oe2jj62jHYtwsU49jXhScYbvPENK+6zAvQ==
